<?xml version="1.0" encoding="UTF-8"?>
<!-- Generated by org.testng.reporters.JUnitReportReporter -->
<testsuite hostname="DESKTOP-0INDAG6" failures="0" tests="5" name="YufoodsNew.yufoods.CartPage" time="26.470" errors="0" timestamp="2025-02-11T16:56:17 IST" skipped="0">
  <testcase classname="YufoodsNew.yufoods.CartPage" name="TC_02" time="6.988"/>
  <system-out/>
  <testcase classname="YufoodsNew.yufoods.CartPage" name="TC_01" time="4.175"/>
  <system-out/>
  <testcase classname="YufoodsNew.yufoods.CartPage" name="TC_04" time="3.434"/>
  <system-out/>
  <testcase classname="YufoodsNew.yufoods.CartPage" name="TC_05" time="6.103"/>
  <system-out/>
  <testcase classname="YufoodsNew.yufoods.CartPage" name="TC_03" time="5.770"/>
  <system-out/>
</testsuite> <!-- YufoodsNew.yufoods.CartPage -->
